<?xml version="1.0"?>
<testsuites failures="0" errors="0" tests="1">
  <testsuite name="Root Suite" timestamp="2021-11-13T17:09:50" tests="0" file="cypress/integration/Pecode_autotests/pecode-test.spec.js" time="0.0000" failures="0"/>
  <testsuite name="Pecode Automation test task" timestamp="2021-11-13T17:09:50" tests="1" time="6.6250" failures="0">
    <testcase name="Pecode Automation test task Check the login tab" time="3.2800" classname="Check the login tab"/>
  </testsuite>
</testsuites>